<?xml version="1.0" encoding="UTF-8"?>
<!-- Generated by org.testng.reporters.JUnitReportReporter -->
<testsuite hostname="TYSS-Yogita" failures="0" tests="2" name="testngBasics.RegisterTest" time="-1691055360.000" errors="1" timestamp="2023-08-03T15:06:21 IST" skipped="1">
  <testcase classname="testngBasics.RegisterTest" name="setupBrowser" time="-1691055360.000">
    <error message="
Parameter &#039;URL&#039; is required by BeforeClass on method setupBrowser but has not been marked @Optional or defined
in C:\Users\User\eclipse-workspace\Selenium_TrainingFireFlink\LoginAndRegister.xml" type="org.testng.TestNGException">
      <![CDATA[org.testng.TestNGException: 
Parameter 'URL' is required by BeforeClass on method setupBrowser but has not been marked @Optional or defined
in C:\Users\User\eclipse-workspace\Selenium_TrainingFireFlink\LoginAndRegister.xml
at org.testng.internal.Parameters.createParams(Parameters.java:270)
at org.testng.internal.Parameters.createParametersForMethod(Parameters.java:358)
at org.testng.internal.Parameters.createParameters(Parameters.java:700)
at org.testng.internal.Parameters.createConfigurationParameters(Parameters.java:168)
at org.testng.internal.ConfigInvoker.invokeConfigurations(ConfigInvoker.java:302)
at org.testng.internal.TestMethodWorker.invokeBeforeClassMethods(TestMethodWorker.java:176)
at org.testng.internal.TestMethodWorker.run(TestMethodWorker.java:122)
at java.base/java.util.concurrent.ThreadPoolExecutor.runWorker(ThreadPoolExecutor.java:1136)
at java.base/java.util.concurrent.ThreadPoolExecutor$Worker.run(ThreadPoolExecutor.java:635)
at java.base/java.lang.Thread.run(Thread.java:833)
]]>
    </error>
  </testcase> <!-- setupBrowser -->
  <system-out/>
  <testcase classname="testngBasics.RegisterTest" name="registerTest" time="0.000">
    <skipped/>
  </testcase> <!-- registerTest -->
  <system-out/>
</testsuite> <!-- testngBasics.RegisterTest -->
